ARM GAS  /tmp/ccyXS5j7.s 			page 1


   1              		.cpu cortex-m4
   2              		.eabi_attribute 27, 1
   3              		.eabi_attribute 28, 1
   4              		.eabi_attribute 20, 1
   5              		.eabi_attribute 21, 1
   6              		.eabi_attribute 23, 3
   7              		.eabi_attribute 24, 1
   8              		.eabi_attribute 25, 1
   9              		.eabi_attribute 26, 1
  10              		.eabi_attribute 30, 1
  11              		.eabi_attribute 34, 1
  12              		.eabi_attribute 18, 4
  13              		.file	"adc.c"
  14              		.text
  15              	.Ltext0:
  16              		.cfi_sections	.debug_frame
  17              		.section	.text.MX_ADC1_Init,"ax",%progbits
  18              		.align	1
  19              		.global	MX_ADC1_Init
  20              		.syntax unified
  21              		.thumb
  22              		.thumb_func
  23              		.fpu fpv4-sp-d16
  25              	MX_ADC1_Init:
  26              	.LFB126:
  27              		.file 1 "Src/adc.c"
   1:Src/adc.c     **** /**
   2:Src/adc.c     ****   ******************************************************************************
   3:Src/adc.c     ****   * File Name          : ADC.c
   4:Src/adc.c     ****   * Description        : This file provides code for the configuration
   5:Src/adc.c     ****   *                      of the ADC instances.
   6:Src/adc.c     ****   ******************************************************************************
   7:Src/adc.c     ****   ** This notice applies to any and all portions of this file
   8:Src/adc.c     ****   * that are not between comment pairs USER CODE BEGIN and
   9:Src/adc.c     ****   * USER CODE END. Other portions of this file, whether 
  10:Src/adc.c     ****   * inserted by the user or by software development tools
  11:Src/adc.c     ****   * are owned by their respective copyright owners.
  12:Src/adc.c     ****   *
  13:Src/adc.c     ****   * COPYRIGHT(c) 2019 STMicroelectronics
  14:Src/adc.c     ****   *
  15:Src/adc.c     ****   * Redistribution and use in source and binary forms, with or without modification,
  16:Src/adc.c     ****   * are permitted provided that the following conditions are met:
  17:Src/adc.c     ****   *   1. Redistributions of source code must retain the above copyright notice,
  18:Src/adc.c     ****   *      this list of conditions and the following disclaimer.
  19:Src/adc.c     ****   *   2. Redistributions in binary form must reproduce the above copyright notice,
  20:Src/adc.c     ****   *      this list of conditions and the following disclaimer in the documentation
  21:Src/adc.c     ****   *      and/or other materials provided with the distribution.
  22:Src/adc.c     ****   *   3. Neither the name of STMicroelectronics nor the names of its contributors
  23:Src/adc.c     ****   *      may be used to endorse or promote products derived from this software
  24:Src/adc.c     ****   *      without specific prior written permission.
  25:Src/adc.c     ****   *
  26:Src/adc.c     ****   * THIS SOFTWARE IS PROVIDED BY THE COPYRIGHT HOLDERS AND CONTRIBUTORS "AS IS"
  27:Src/adc.c     ****   * AND ANY EXPRESS OR IMPLIED WARRANTIES, INCLUDING, BUT NOT LIMITED TO, THE
  28:Src/adc.c     ****   * IMPLIED WARRANTIES OF MERCHANTABILITY AND FITNESS FOR A PARTICULAR PURPOSE ARE
  29:Src/adc.c     ****   * DISCLAIMED. IN NO EVENT SHALL THE COPYRIGHT HOLDER OR CONTRIBUTORS BE LIABLE
  30:Src/adc.c     ****   * FOR ANY DIRECT, INDIRECT, INCIDENTAL, SPECIAL, EXEMPLARY, OR CONSEQUENTIAL
  31:Src/adc.c     ****   * DAMAGES (INCLUDING, BUT NOT LIMITED TO, PROCUREMENT OF SUBSTITUTE GOODS OR
ARM GAS  /tmp/ccyXS5j7.s 			page 2


  32:Src/adc.c     ****   * SERVICES; LOSS OF USE, DATA, OR PROFITS; OR BUSINESS INTERRUPTION) HOWEVER
  33:Src/adc.c     ****   * CAUSED AND ON ANY THEORY OF LIABILITY, WHETHER IN CONTRACT, STRICT LIABILITY,
  34:Src/adc.c     ****   * OR TORT (INCLUDING NEGLIGENCE OR OTHERWISE) ARISING IN ANY WAY OUT OF THE USE
  35:Src/adc.c     ****   * OF THIS SOFTWARE, EVEN IF ADVISED OF THE POSSIBILITY OF SUCH DAMAGE.
  36:Src/adc.c     ****   *
  37:Src/adc.c     ****   ******************************************************************************
  38:Src/adc.c     ****   */
  39:Src/adc.c     **** 
  40:Src/adc.c     **** /* Includes ------------------------------------------------------------------*/
  41:Src/adc.c     **** #include "adc.h"
  42:Src/adc.c     **** 
  43:Src/adc.c     **** #include "gpio.h"
  44:Src/adc.c     **** 
  45:Src/adc.c     **** /* USER CODE BEGIN 0 */
  46:Src/adc.c     **** 
  47:Src/adc.c     **** /* USER CODE END 0 */
  48:Src/adc.c     **** 
  49:Src/adc.c     **** ADC_HandleTypeDef hadc1;
  50:Src/adc.c     **** 
  51:Src/adc.c     **** /* ADC1 init function */
  52:Src/adc.c     **** void MX_ADC1_Init(void)
  53:Src/adc.c     **** {
  28              		.loc 1 53 0
  29              		.cfi_startproc
  30              		@ args = 0, pretend = 0, frame = 16
  31              		@ frame_needed = 0, uses_anonymous_args = 0
  32 0000 00B5     		push	{lr}
  33              	.LCFI0:
  34              		.cfi_def_cfa_offset 4
  35              		.cfi_offset 14, -4
  36 0002 85B0     		sub	sp, sp, #20
  37              	.LCFI1:
  38              		.cfi_def_cfa_offset 24
  54:Src/adc.c     ****   ADC_ChannelConfTypeDef sConfig;
  55:Src/adc.c     **** 
  56:Src/adc.c     ****     /**Configure the global features of the ADC (Clock, Resolution, Data Alignment and number of co
  57:Src/adc.c     ****     */
  58:Src/adc.c     ****   hadc1.Instance = ADC1;
  39              		.loc 1 58 0
  40 0004 1648     		ldr	r0, .L7
  41 0006 174B     		ldr	r3, .L7+4
  42 0008 0360     		str	r3, [r0]
  59:Src/adc.c     ****   hadc1.Init.ClockPrescaler = ADC_CLOCK_SYNC_PCLK_DIV4;
  43              		.loc 1 59 0
  44 000a 4FF48033 		mov	r3, #65536
  45 000e 4360     		str	r3, [r0, #4]
  60:Src/adc.c     ****   hadc1.Init.Resolution = ADC_RESOLUTION_12B;
  46              		.loc 1 60 0
  47 0010 0023     		movs	r3, #0
  48 0012 8360     		str	r3, [r0, #8]
  61:Src/adc.c     ****   hadc1.Init.ScanConvMode = DISABLE;
  49              		.loc 1 61 0
  50 0014 0361     		str	r3, [r0, #16]
  62:Src/adc.c     ****   hadc1.Init.ContinuousConvMode = DISABLE;
  51              		.loc 1 62 0
  52 0016 8361     		str	r3, [r0, #24]
  63:Src/adc.c     ****   hadc1.Init.DiscontinuousConvMode = DISABLE;
ARM GAS  /tmp/ccyXS5j7.s 			page 3


  53              		.loc 1 63 0
  54 0018 0362     		str	r3, [r0, #32]
  64:Src/adc.c     ****   hadc1.Init.ExternalTrigConvEdge = ADC_EXTERNALTRIGCONVEDGE_NONE;
  55              		.loc 1 64 0
  56 001a C362     		str	r3, [r0, #44]
  65:Src/adc.c     ****   hadc1.Init.ExternalTrigConv = ADC_SOFTWARE_START;
  57              		.loc 1 65 0
  58 001c 124A     		ldr	r2, .L7+8
  59 001e 8262     		str	r2, [r0, #40]
  66:Src/adc.c     ****   hadc1.Init.DataAlign = ADC_DATAALIGN_RIGHT;
  60              		.loc 1 66 0
  61 0020 C360     		str	r3, [r0, #12]
  67:Src/adc.c     ****   hadc1.Init.NbrOfConversion = 1;
  62              		.loc 1 67 0
  63 0022 0122     		movs	r2, #1
  64 0024 C261     		str	r2, [r0, #28]
  68:Src/adc.c     ****   hadc1.Init.DMAContinuousRequests = DISABLE;
  65              		.loc 1 68 0
  66 0026 0363     		str	r3, [r0, #48]
  69:Src/adc.c     ****   hadc1.Init.EOCSelection = ADC_EOC_SINGLE_CONV;
  67              		.loc 1 69 0
  68 0028 4261     		str	r2, [r0, #20]
  70:Src/adc.c     ****   if (HAL_ADC_Init(&hadc1) != HAL_OK)
  69              		.loc 1 70 0
  70 002a FFF7FEFF 		bl	HAL_ADC_Init
  71              	.LVL0:
  72 002e 68B9     		cbnz	r0, .L5
  73              	.L2:
  71:Src/adc.c     ****   {
  72:Src/adc.c     ****     _Error_Handler(__FILE__, __LINE__);
  73:Src/adc.c     ****   }
  74:Src/adc.c     **** 
  75:Src/adc.c     ****     /**Configure for the selected ADC regular channel its corresponding rank in the sequencer and i
  76:Src/adc.c     ****     */
  77:Src/adc.c     ****   sConfig.Channel = ADC_CHANNEL_8;
  74              		.loc 1 77 0
  75 0030 0823     		movs	r3, #8
  76 0032 0093     		str	r3, [sp]
  78:Src/adc.c     ****   sConfig.Rank = 1;
  77              		.loc 1 78 0
  78 0034 0123     		movs	r3, #1
  79 0036 0193     		str	r3, [sp, #4]
  79:Src/adc.c     ****   sConfig.SamplingTime = ADC_SAMPLETIME_3CYCLES;
  80              		.loc 1 79 0
  81 0038 0023     		movs	r3, #0
  82 003a 0293     		str	r3, [sp, #8]
  80:Src/adc.c     ****   if (HAL_ADC_ConfigChannel(&hadc1, &sConfig) != HAL_OK)
  83              		.loc 1 80 0
  84 003c 6946     		mov	r1, sp
  85 003e 0848     		ldr	r0, .L7
  86 0040 FFF7FEFF 		bl	HAL_ADC_ConfigChannel
  87              	.LVL1:
  88 0044 38B9     		cbnz	r0, .L6
  89              	.L1:
  81:Src/adc.c     ****   {
  82:Src/adc.c     ****     _Error_Handler(__FILE__, __LINE__);
  83:Src/adc.c     ****   }
ARM GAS  /tmp/ccyXS5j7.s 			page 4


  84:Src/adc.c     **** 
  85:Src/adc.c     **** }
  90              		.loc 1 85 0
  91 0046 05B0     		add	sp, sp, #20
  92              	.LCFI2:
  93              		.cfi_remember_state
  94              		.cfi_def_cfa_offset 4
  95              		@ sp needed
  96 0048 5DF804FB 		ldr	pc, [sp], #4
  97              	.L5:
  98              	.LCFI3:
  99              		.cfi_restore_state
  72:Src/adc.c     ****   }
 100              		.loc 1 72 0
 101 004c 4821     		movs	r1, #72
 102 004e 0748     		ldr	r0, .L7+12
 103 0050 FFF7FEFF 		bl	_Error_Handler
 104              	.LVL2:
 105 0054 ECE7     		b	.L2
 106              	.L6:
  82:Src/adc.c     ****   }
 107              		.loc 1 82 0
 108 0056 5221     		movs	r1, #82
 109 0058 0448     		ldr	r0, .L7+12
 110 005a FFF7FEFF 		bl	_Error_Handler
 111              	.LVL3:
 112              		.loc 1 85 0
 113 005e F2E7     		b	.L1
 114              	.L8:
 115              		.align	2
 116              	.L7:
 117 0060 00000000 		.word	hadc1
 118 0064 00200140 		.word	1073815552
 119 0068 0100000F 		.word	251658241
 120 006c 00000000 		.word	.LC0
 121              		.cfi_endproc
 122              	.LFE126:
 124              		.section	.text.HAL_ADC_MspInit,"ax",%progbits
 125              		.align	1
 126              		.global	HAL_ADC_MspInit
 127              		.syntax unified
 128              		.thumb
 129              		.thumb_func
 130              		.fpu fpv4-sp-d16
 132              	HAL_ADC_MspInit:
 133              	.LFB127:
  86:Src/adc.c     **** 
  87:Src/adc.c     **** void HAL_ADC_MspInit(ADC_HandleTypeDef* adcHandle)
  88:Src/adc.c     **** {
 134              		.loc 1 88 0
 135              		.cfi_startproc
 136              		@ args = 0, pretend = 0, frame = 24
 137              		@ frame_needed = 0, uses_anonymous_args = 0
 138              	.LVL4:
  89:Src/adc.c     **** 
  90:Src/adc.c     ****   GPIO_InitTypeDef GPIO_InitStruct;
  91:Src/adc.c     ****   if(adcHandle->Instance==ADC1)
ARM GAS  /tmp/ccyXS5j7.s 			page 5


 139              		.loc 1 91 0
 140 0000 0268     		ldr	r2, [r0]
 141 0002 174B     		ldr	r3, .L16
 142 0004 9A42     		cmp	r2, r3
 143 0006 00D0     		beq	.L15
 144 0008 7047     		bx	lr
 145              	.L15:
  88:Src/adc.c     **** 
 146              		.loc 1 88 0
 147 000a 30B5     		push	{r4, r5, lr}
 148              	.LCFI4:
 149              		.cfi_def_cfa_offset 12
 150              		.cfi_offset 4, -12
 151              		.cfi_offset 5, -8
 152              		.cfi_offset 14, -4
 153 000c 87B0     		sub	sp, sp, #28
 154              	.LCFI5:
 155              		.cfi_def_cfa_offset 40
 156              	.LBB2:
  92:Src/adc.c     ****   {
  93:Src/adc.c     ****   /* USER CODE BEGIN ADC1_MspInit 0 */
  94:Src/adc.c     **** 
  95:Src/adc.c     ****   /* USER CODE END ADC1_MspInit 0 */
  96:Src/adc.c     ****     /* ADC1 clock enable */
  97:Src/adc.c     ****     __HAL_RCC_ADC1_CLK_ENABLE();
 157              		.loc 1 97 0
 158 000e 0024     		movs	r4, #0
 159 0010 0094     		str	r4, [sp]
 160 0012 03F58C33 		add	r3, r3, #71680
 161 0016 5A6C     		ldr	r2, [r3, #68]
 162 0018 42F48072 		orr	r2, r2, #256
 163 001c 5A64     		str	r2, [r3, #68]
 164 001e 5B6C     		ldr	r3, [r3, #68]
 165 0020 03F48073 		and	r3, r3, #256
 166 0024 0093     		str	r3, [sp]
 167 0026 009B     		ldr	r3, [sp]
 168              	.LBE2:
  98:Src/adc.c     ****   
  99:Src/adc.c     ****     /**ADC1 GPIO Configuration    
 100:Src/adc.c     ****     PA5     ------> ADC1_IN5
 101:Src/adc.c     ****     PA7     ------> ADC1_IN7
 102:Src/adc.c     ****     PC4     ------> ADC1_IN14
 103:Src/adc.c     ****     PB0     ------> ADC1_IN8 
 104:Src/adc.c     ****     */
 105:Src/adc.c     ****     GPIO_InitStruct.Pin = Rec_R_Pin|Rec_FR_Pin;
 169              		.loc 1 105 0
 170 0028 A023     		movs	r3, #160
 171 002a 0193     		str	r3, [sp, #4]
 106:Src/adc.c     ****     GPIO_InitStruct.Mode = GPIO_MODE_ANALOG;
 172              		.loc 1 106 0
 173 002c 0325     		movs	r5, #3
 174 002e 0295     		str	r5, [sp, #8]
 107:Src/adc.c     ****     GPIO_InitStruct.Pull = GPIO_NOPULL;
 175              		.loc 1 107 0
 176 0030 0394     		str	r4, [sp, #12]
 108:Src/adc.c     ****     HAL_GPIO_Init(GPIOA, &GPIO_InitStruct);
 177              		.loc 1 108 0
ARM GAS  /tmp/ccyXS5j7.s 			page 6


 178 0032 01A9     		add	r1, sp, #4
 179 0034 0B48     		ldr	r0, .L16+4
 180              	.LVL5:
 181 0036 FFF7FEFF 		bl	HAL_GPIO_Init
 182              	.LVL6:
 109:Src/adc.c     **** 
 110:Src/adc.c     ****     GPIO_InitStruct.Pin = Rec_FL_Pin;
 183              		.loc 1 110 0
 184 003a 1023     		movs	r3, #16
 185 003c 0193     		str	r3, [sp, #4]
 111:Src/adc.c     ****     GPIO_InitStruct.Mode = GPIO_MODE_ANALOG;
 186              		.loc 1 111 0
 187 003e 0295     		str	r5, [sp, #8]
 112:Src/adc.c     ****     GPIO_InitStruct.Pull = GPIO_NOPULL;
 188              		.loc 1 112 0
 189 0040 0394     		str	r4, [sp, #12]
 113:Src/adc.c     ****     HAL_GPIO_Init(Rec_FL_GPIO_Port, &GPIO_InitStruct);
 190              		.loc 1 113 0
 191 0042 01A9     		add	r1, sp, #4
 192 0044 0848     		ldr	r0, .L16+8
 193 0046 FFF7FEFF 		bl	HAL_GPIO_Init
 194              	.LVL7:
 114:Src/adc.c     **** 
 115:Src/adc.c     ****     GPIO_InitStruct.Pin = Rec_L_Pin;
 195              		.loc 1 115 0
 196 004a 0123     		movs	r3, #1
 197 004c 0193     		str	r3, [sp, #4]
 116:Src/adc.c     ****     GPIO_InitStruct.Mode = GPIO_MODE_ANALOG;
 198              		.loc 1 116 0
 199 004e 0295     		str	r5, [sp, #8]
 117:Src/adc.c     ****     GPIO_InitStruct.Pull = GPIO_NOPULL;
 200              		.loc 1 117 0
 201 0050 0394     		str	r4, [sp, #12]
 118:Src/adc.c     ****     HAL_GPIO_Init(Rec_L_GPIO_Port, &GPIO_InitStruct);
 202              		.loc 1 118 0
 203 0052 01A9     		add	r1, sp, #4
 204 0054 0548     		ldr	r0, .L16+12
 205 0056 FFF7FEFF 		bl	HAL_GPIO_Init
 206              	.LVL8:
 119:Src/adc.c     **** 
 120:Src/adc.c     ****   /* USER CODE BEGIN ADC1_MspInit 1 */
 121:Src/adc.c     **** 
 122:Src/adc.c     ****   /* USER CODE END ADC1_MspInit 1 */
 123:Src/adc.c     ****   }
 124:Src/adc.c     **** }
 207              		.loc 1 124 0
 208 005a 07B0     		add	sp, sp, #28
 209              	.LCFI6:
 210              		.cfi_def_cfa_offset 12
 211              		@ sp needed
 212 005c 30BD     		pop	{r4, r5, pc}
 213              	.L17:
 214 005e 00BF     		.align	2
 215              	.L16:
 216 0060 00200140 		.word	1073815552
 217 0064 00000240 		.word	1073872896
 218 0068 00080240 		.word	1073874944
ARM GAS  /tmp/ccyXS5j7.s 			page 7


 219 006c 00040240 		.word	1073873920
 220              		.cfi_endproc
 221              	.LFE127:
 223              		.section	.text.HAL_ADC_MspDeInit,"ax",%progbits
 224              		.align	1
 225              		.global	HAL_ADC_MspDeInit
 226              		.syntax unified
 227              		.thumb
 228              		.thumb_func
 229              		.fpu fpv4-sp-d16
 231              	HAL_ADC_MspDeInit:
 232              	.LFB128:
 125:Src/adc.c     **** 
 126:Src/adc.c     **** void HAL_ADC_MspDeInit(ADC_HandleTypeDef* adcHandle)
 127:Src/adc.c     **** {
 233              		.loc 1 127 0
 234              		.cfi_startproc
 235              		@ args = 0, pretend = 0, frame = 0
 236              		@ frame_needed = 0, uses_anonymous_args = 0
 237              	.LVL9:
 238 0000 08B5     		push	{r3, lr}
 239              	.LCFI7:
 240              		.cfi_def_cfa_offset 8
 241              		.cfi_offset 3, -8
 242              		.cfi_offset 14, -4
 128:Src/adc.c     **** 
 129:Src/adc.c     ****   if(adcHandle->Instance==ADC1)
 243              		.loc 1 129 0
 244 0002 0268     		ldr	r2, [r0]
 245 0004 0A4B     		ldr	r3, .L22
 246 0006 9A42     		cmp	r2, r3
 247 0008 00D0     		beq	.L21
 248              	.LVL10:
 249              	.L18:
 130:Src/adc.c     ****   {
 131:Src/adc.c     ****   /* USER CODE BEGIN ADC1_MspDeInit 0 */
 132:Src/adc.c     **** 
 133:Src/adc.c     ****   /* USER CODE END ADC1_MspDeInit 0 */
 134:Src/adc.c     ****     /* Peripheral clock disable */
 135:Src/adc.c     ****     __HAL_RCC_ADC1_CLK_DISABLE();
 136:Src/adc.c     ****   
 137:Src/adc.c     ****     /**ADC1 GPIO Configuration    
 138:Src/adc.c     ****     PA5     ------> ADC1_IN5
 139:Src/adc.c     ****     PA7     ------> ADC1_IN7
 140:Src/adc.c     ****     PC4     ------> ADC1_IN14
 141:Src/adc.c     ****     PB0     ------> ADC1_IN8 
 142:Src/adc.c     ****     */
 143:Src/adc.c     ****     HAL_GPIO_DeInit(GPIOA, Rec_R_Pin|Rec_FR_Pin);
 144:Src/adc.c     **** 
 145:Src/adc.c     ****     HAL_GPIO_DeInit(Rec_FL_GPIO_Port, Rec_FL_Pin);
 146:Src/adc.c     **** 
 147:Src/adc.c     ****     HAL_GPIO_DeInit(Rec_L_GPIO_Port, Rec_L_Pin);
 148:Src/adc.c     **** 
 149:Src/adc.c     ****   /* USER CODE BEGIN ADC1_MspDeInit 1 */
 150:Src/adc.c     **** 
 151:Src/adc.c     ****   /* USER CODE END ADC1_MspDeInit 1 */
 152:Src/adc.c     ****   }
ARM GAS  /tmp/ccyXS5j7.s 			page 8


 153:Src/adc.c     **** } 
 250              		.loc 1 153 0
 251 000a 08BD     		pop	{r3, pc}
 252              	.LVL11:
 253              	.L21:
 135:Src/adc.c     ****   
 254              		.loc 1 135 0
 255 000c 094A     		ldr	r2, .L22+4
 256 000e 536C     		ldr	r3, [r2, #68]
 257 0010 23F48073 		bic	r3, r3, #256
 258 0014 5364     		str	r3, [r2, #68]
 143:Src/adc.c     **** 
 259              		.loc 1 143 0
 260 0016 A021     		movs	r1, #160
 261 0018 0748     		ldr	r0, .L22+8
 262              	.LVL12:
 263 001a FFF7FEFF 		bl	HAL_GPIO_DeInit
 264              	.LVL13:
 145:Src/adc.c     **** 
 265              		.loc 1 145 0
 266 001e 1021     		movs	r1, #16
 267 0020 0648     		ldr	r0, .L22+12
 268 0022 FFF7FEFF 		bl	HAL_GPIO_DeInit
 269              	.LVL14:
 147:Src/adc.c     **** 
 270              		.loc 1 147 0
 271 0026 0121     		movs	r1, #1
 272 0028 0548     		ldr	r0, .L22+16
 273 002a FFF7FEFF 		bl	HAL_GPIO_DeInit
 274              	.LVL15:
 275              		.loc 1 153 0
 276 002e ECE7     		b	.L18
 277              	.L23:
 278              		.align	2
 279              	.L22:
 280 0030 00200140 		.word	1073815552
 281 0034 00380240 		.word	1073887232
 282 0038 00000240 		.word	1073872896
 283 003c 00080240 		.word	1073874944
 284 0040 00040240 		.word	1073873920
 285              		.cfi_endproc
 286              	.LFE128:
 288              		.comm	hadc1,72,4
 289              		.section	.rodata.MX_ADC1_Init.str1.4,"aMS",%progbits,1
 290              		.align	2
 291              	.LC0:
 292 0000 5372632F 		.ascii	"Src/adc.c\000"
 292      6164632E 
 292      6300
 293              		.text
 294              	.Letext0:
 295              		.file 2 "/usr/arm-none-eabi/include/machine/_default_types.h"
 296              		.file 3 "/usr/arm-none-eabi/include/sys/_stdint.h"
 297              		.file 4 "Drivers/CMSIS/Include/core_cm4.h"
 298              		.file 5 "Drivers/CMSIS/Device/ST/STM32F4xx/Include/system_stm32f4xx.h"
 299              		.file 6 "Drivers/CMSIS/Device/ST/STM32F4xx/Include/stm32f411xe.h"
 300              		.file 7 "/usr/arm-none-eabi/include/sys/lock.h"
ARM GAS  /tmp/ccyXS5j7.s 			page 9


 301              		.file 8 "/usr/arm-none-eabi/include/sys/_types.h"
 302              		.file 9 "/usr/lib/gcc/arm-none-eabi/7.3.1/include/stddef.h"
 303              		.file 10 "/usr/arm-none-eabi/include/sys/reent.h"
 304              		.file 11 "Drivers/CMSIS/Device/ST/STM32F4xx/Include/stm32f4xx.h"
 305              		.file 12 "Drivers/STM32F4xx_HAL_Driver/Inc/stm32f4xx_hal_def.h"
 306              		.file 13 "Drivers/STM32F4xx_HAL_Driver/Inc/stm32f4xx_hal_gpio.h"
 307              		.file 14 "Drivers/STM32F4xx_HAL_Driver/Inc/stm32f4xx_hal_dma.h"
 308              		.file 15 "Drivers/STM32F4xx_HAL_Driver/Inc/stm32f4xx_hal_adc.h"
 309              		.file 16 "Inc/adc.h"
ARM GAS  /tmp/ccyXS5j7.s 			page 10


DEFINED SYMBOLS
                            *ABS*:0000000000000000 adc.c
     /tmp/ccyXS5j7.s:18     .text.MX_ADC1_Init:0000000000000000 $t
     /tmp/ccyXS5j7.s:25     .text.MX_ADC1_Init:0000000000000000 MX_ADC1_Init
     /tmp/ccyXS5j7.s:117    .text.MX_ADC1_Init:0000000000000060 $d
                            *COM*:0000000000000048 hadc1
     /tmp/ccyXS5j7.s:125    .text.HAL_ADC_MspInit:0000000000000000 $t
     /tmp/ccyXS5j7.s:132    .text.HAL_ADC_MspInit:0000000000000000 HAL_ADC_MspInit
     /tmp/ccyXS5j7.s:216    .text.HAL_ADC_MspInit:0000000000000060 $d
     /tmp/ccyXS5j7.s:224    .text.HAL_ADC_MspDeInit:0000000000000000 $t
     /tmp/ccyXS5j7.s:231    .text.HAL_ADC_MspDeInit:0000000000000000 HAL_ADC_MspDeInit
     /tmp/ccyXS5j7.s:280    .text.HAL_ADC_MspDeInit:0000000000000030 $d
     /tmp/ccyXS5j7.s:290    .rodata.MX_ADC1_Init.str1.4:0000000000000000 $d

UNDEFINED SYMBOLS
HAL_ADC_Init
HAL_ADC_ConfigChannel
_Error_Handler
HAL_GPIO_Init
HAL_GPIO_DeInit
