ARM GAS  /tmp/cc26gLtT.s 			page 1


   1              		.cpu cortex-m4
   2              		.eabi_attribute 27, 1
   3              		.eabi_attribute 28, 1
   4              		.eabi_attribute 20, 1
   5              		.eabi_attribute 21, 1
   6              		.eabi_attribute 23, 3
   7              		.eabi_attribute 24, 1
   8              		.eabi_attribute 25, 1
   9              		.eabi_attribute 26, 1
  10              		.eabi_attribute 30, 1
  11              		.eabi_attribute 34, 1
  12              		.eabi_attribute 18, 4
  13              		.file	"gpio.c"
  14              		.text
  15              	.Ltext0:
  16              		.cfi_sections	.debug_frame
  17              		.section	.text.MX_GPIO_Init,"ax",%progbits
  18              		.align	1
  19              		.global	MX_GPIO_Init
  20              		.syntax unified
  21              		.thumb
  22              		.thumb_func
  23              		.fpu fpv4-sp-d16
  25              	MX_GPIO_Init:
  26              	.LFB126:
  27              		.file 1 "Src/gpio.c"
   1:Src/gpio.c    **** /**
   2:Src/gpio.c    ****   ******************************************************************************
   3:Src/gpio.c    ****   * File Name          : gpio.c
   4:Src/gpio.c    ****   * Description        : This file provides code for the configuration
   5:Src/gpio.c    ****   *                      of all used GPIO pins.
   6:Src/gpio.c    ****   ******************************************************************************
   7:Src/gpio.c    ****   ** This notice applies to any and all portions of this file
   8:Src/gpio.c    ****   * that are not between comment pairs USER CODE BEGIN and
   9:Src/gpio.c    ****   * USER CODE END. Other portions of this file, whether 
  10:Src/gpio.c    ****   * inserted by the user or by software development tools
  11:Src/gpio.c    ****   * are owned by their respective copyright owners.
  12:Src/gpio.c    ****   *
  13:Src/gpio.c    ****   * COPYRIGHT(c) 2019 STMicroelectronics
  14:Src/gpio.c    ****   *
  15:Src/gpio.c    ****   * Redistribution and use in source and binary forms, with or without modification,
  16:Src/gpio.c    ****   * are permitted provided that the following conditions are met:
  17:Src/gpio.c    ****   *   1. Redistributions of source code must retain the above copyright notice,
  18:Src/gpio.c    ****   *      this list of conditions and the following disclaimer.
  19:Src/gpio.c    ****   *   2. Redistributions in binary form must reproduce the above copyright notice,
  20:Src/gpio.c    ****   *      this list of conditions and the following disclaimer in the documentation
  21:Src/gpio.c    ****   *      and/or other materials provided with the distribution.
  22:Src/gpio.c    ****   *   3. Neither the name of STMicroelectronics nor the names of its contributors
  23:Src/gpio.c    ****   *      may be used to endorse or promote products derived from this software
  24:Src/gpio.c    ****   *      without specific prior written permission.
  25:Src/gpio.c    ****   *
  26:Src/gpio.c    ****   * THIS SOFTWARE IS PROVIDED BY THE COPYRIGHT HOLDERS AND CONTRIBUTORS "AS IS"
  27:Src/gpio.c    ****   * AND ANY EXPRESS OR IMPLIED WARRANTIES, INCLUDING, BUT NOT LIMITED TO, THE
  28:Src/gpio.c    ****   * IMPLIED WARRANTIES OF MERCHANTABILITY AND FITNESS FOR A PARTICULAR PURPOSE ARE
  29:Src/gpio.c    ****   * DISCLAIMED. IN NO EVENT SHALL THE COPYRIGHT HOLDER OR CONTRIBUTORS BE LIABLE
  30:Src/gpio.c    ****   * FOR ANY DIRECT, INDIRECT, INCIDENTAL, SPECIAL, EXEMPLARY, OR CONSEQUENTIAL
  31:Src/gpio.c    ****   * DAMAGES (INCLUDING, BUT NOT LIMITED TO, PROCUREMENT OF SUBSTITUTE GOODS OR
ARM GAS  /tmp/cc26gLtT.s 			page 2


  32:Src/gpio.c    ****   * SERVICES; LOSS OF USE, DATA, OR PROFITS; OR BUSINESS INTERRUPTION) HOWEVER
  33:Src/gpio.c    ****   * CAUSED AND ON ANY THEORY OF LIABILITY, WHETHER IN CONTRACT, STRICT LIABILITY,
  34:Src/gpio.c    ****   * OR TORT (INCLUDING NEGLIGENCE OR OTHERWISE) ARISING IN ANY WAY OUT OF THE USE
  35:Src/gpio.c    ****   * OF THIS SOFTWARE, EVEN IF ADVISED OF THE POSSIBILITY OF SUCH DAMAGE.
  36:Src/gpio.c    ****   *
  37:Src/gpio.c    ****   ******************************************************************************
  38:Src/gpio.c    ****   */
  39:Src/gpio.c    **** 
  40:Src/gpio.c    **** /* Includes ------------------------------------------------------------------*/
  41:Src/gpio.c    **** #include "gpio.h"
  42:Src/gpio.c    **** /* USER CODE BEGIN 0 */
  43:Src/gpio.c    **** 
  44:Src/gpio.c    **** /* USER CODE END 0 */
  45:Src/gpio.c    **** 
  46:Src/gpio.c    **** /*----------------------------------------------------------------------------*/
  47:Src/gpio.c    **** /* Configure GPIO                                                             */
  48:Src/gpio.c    **** /*----------------------------------------------------------------------------*/
  49:Src/gpio.c    **** /* USER CODE BEGIN 1 */
  50:Src/gpio.c    **** 
  51:Src/gpio.c    **** /* USER CODE END 1 */
  52:Src/gpio.c    **** 
  53:Src/gpio.c    **** /** Configure pins as 
  54:Src/gpio.c    ****         * Analog 
  55:Src/gpio.c    ****         * Input 
  56:Src/gpio.c    ****         * Output
  57:Src/gpio.c    ****         * EVENT_OUT
  58:Src/gpio.c    ****         * EXTI
  59:Src/gpio.c    **** */
  60:Src/gpio.c    **** void MX_GPIO_Init(void)
  61:Src/gpio.c    **** {
  28              		.loc 1 61 0
  29              		.cfi_startproc
  30              		@ args = 0, pretend = 0, frame = 40
  31              		@ frame_needed = 0, uses_anonymous_args = 0
  32 0000 2DE9F043 		push	{r4, r5, r6, r7, r8, r9, lr}
  33              	.LCFI0:
  34              		.cfi_def_cfa_offset 28
  35              		.cfi_offset 4, -28
  36              		.cfi_offset 5, -24
  37              		.cfi_offset 6, -20
  38              		.cfi_offset 7, -16
  39              		.cfi_offset 8, -12
  40              		.cfi_offset 9, -8
  41              		.cfi_offset 14, -4
  42 0004 8BB0     		sub	sp, sp, #44
  43              	.LCFI1:
  44              		.cfi_def_cfa_offset 72
  45              	.LBB2:
  62:Src/gpio.c    **** 
  63:Src/gpio.c    ****   GPIO_InitTypeDef GPIO_InitStruct;
  64:Src/gpio.c    **** 
  65:Src/gpio.c    ****   /* GPIO Ports Clock Enable */
  66:Src/gpio.c    ****   __HAL_RCC_GPIOC_CLK_ENABLE();
  46              		.loc 1 66 0
  47 0006 0024     		movs	r4, #0
  48 0008 0194     		str	r4, [sp, #4]
  49 000a 3B4B     		ldr	r3, .L3
ARM GAS  /tmp/cc26gLtT.s 			page 3


  50 000c 1A6B     		ldr	r2, [r3, #48]
  51 000e 42F00402 		orr	r2, r2, #4
  52 0012 1A63     		str	r2, [r3, #48]
  53 0014 1A6B     		ldr	r2, [r3, #48]
  54 0016 02F00402 		and	r2, r2, #4
  55 001a 0192     		str	r2, [sp, #4]
  56 001c 019A     		ldr	r2, [sp, #4]
  57              	.LBE2:
  58              	.LBB3:
  67:Src/gpio.c    ****   __HAL_RCC_GPIOA_CLK_ENABLE();
  59              		.loc 1 67 0
  60 001e 0294     		str	r4, [sp, #8]
  61 0020 1A6B     		ldr	r2, [r3, #48]
  62 0022 42F00102 		orr	r2, r2, #1
  63 0026 1A63     		str	r2, [r3, #48]
  64 0028 1A6B     		ldr	r2, [r3, #48]
  65 002a 02F00102 		and	r2, r2, #1
  66 002e 0292     		str	r2, [sp, #8]
  67 0030 029A     		ldr	r2, [sp, #8]
  68              	.LBE3:
  69              	.LBB4:
  68:Src/gpio.c    ****   __HAL_RCC_GPIOB_CLK_ENABLE();
  70              		.loc 1 68 0
  71 0032 0394     		str	r4, [sp, #12]
  72 0034 1A6B     		ldr	r2, [r3, #48]
  73 0036 42F00202 		orr	r2, r2, #2
  74 003a 1A63     		str	r2, [r3, #48]
  75 003c 1A6B     		ldr	r2, [r3, #48]
  76 003e 02F00202 		and	r2, r2, #2
  77 0042 0392     		str	r2, [sp, #12]
  78 0044 039A     		ldr	r2, [sp, #12]
  79              	.LBE4:
  80              	.LBB5:
  69:Src/gpio.c    ****   __HAL_RCC_GPIOD_CLK_ENABLE();
  81              		.loc 1 69 0
  82 0046 0494     		str	r4, [sp, #16]
  83 0048 1A6B     		ldr	r2, [r3, #48]
  84 004a 42F00802 		orr	r2, r2, #8
  85 004e 1A63     		str	r2, [r3, #48]
  86 0050 1B6B     		ldr	r3, [r3, #48]
  87 0052 03F00803 		and	r3, r3, #8
  88 0056 0493     		str	r3, [sp, #16]
  89 0058 049B     		ldr	r3, [sp, #16]
  90              	.LBE5:
  70:Src/gpio.c    **** 
  71:Src/gpio.c    ****   /*Configure GPIO pin Output Level */
  72:Src/gpio.c    ****   HAL_GPIO_WritePin(GPIOC, Disp_In_Pin|Disp_Clk_Pin|Buzzer_Pin|LED1_Pin 
  91              		.loc 1 72 0
  92 005a 284E     		ldr	r6, .L3+4
  93 005c 2246     		mov	r2, r4
  94 005e 4FF4FA41 		mov	r1, #32000
  95 0062 3046     		mov	r0, r6
  96 0064 FFF7FEFF 		bl	HAL_GPIO_WritePin
  97              	.LVL0:
  73:Src/gpio.c    ****                           |LED2_Pin|Disp_CE_Pin, GPIO_PIN_RESET);
  74:Src/gpio.c    **** 
  75:Src/gpio.c    ****   /*Configure GPIO pin Output Level */
ARM GAS  /tmp/cc26gLtT.s 			page 4


  76:Src/gpio.c    ****   HAL_GPIO_WritePin(GPIOA, IR_R_Pin|IR_FR_Pin, GPIO_PIN_RESET);
  98              		.loc 1 76 0
  99 0068 DFF89890 		ldr	r9, .L3+12
 100 006c 2246     		mov	r2, r4
 101 006e 1821     		movs	r1, #24
 102 0070 4846     		mov	r0, r9
 103 0072 FFF7FEFF 		bl	HAL_GPIO_WritePin
 104              	.LVL1:
  77:Src/gpio.c    **** 
  78:Src/gpio.c    ****   /*Configure GPIO pin Output Level */
  79:Src/gpio.c    ****   HAL_GPIO_WritePin(GPIOB, IR_FL_Pin|IR_L_Pin|IMU_nCS_Pin, GPIO_PIN_RESET);
 105              		.loc 1 79 0
 106 0076 DFF89080 		ldr	r8, .L3+16
 107 007a 2246     		mov	r2, r4
 108 007c 4FF41851 		mov	r1, #9728
 109 0080 4046     		mov	r0, r8
 110 0082 FFF7FEFF 		bl	HAL_GPIO_WritePin
 111              	.LVL2:
  80:Src/gpio.c    **** 
  81:Src/gpio.c    ****   /*Configure GPIO pin Output Level */
  82:Src/gpio.c    ****   HAL_GPIO_WritePin(Disp_RS_GPIO_Port, Disp_RS_Pin, GPIO_PIN_RESET);
 112              		.loc 1 82 0
 113 0086 1E4F     		ldr	r7, .L3+8
 114 0088 2246     		mov	r2, r4
 115 008a 0421     		movs	r1, #4
 116 008c 3846     		mov	r0, r7
 117 008e FFF7FEFF 		bl	HAL_GPIO_WritePin
 118              	.LVL3:
  83:Src/gpio.c    **** 
  84:Src/gpio.c    ****   /*Configure GPIO pins : PCPin PCPin PCPin PCPin 
  85:Src/gpio.c    ****                            PCPin PCPin */
  86:Src/gpio.c    ****   GPIO_InitStruct.Pin = Disp_In_Pin|Disp_Clk_Pin|Buzzer_Pin|LED1_Pin 
 119              		.loc 1 86 0
 120 0092 4FF4FA43 		mov	r3, #32000
 121 0096 0593     		str	r3, [sp, #20]
  87:Src/gpio.c    ****                           |LED2_Pin|Disp_CE_Pin;
  88:Src/gpio.c    ****   GPIO_InitStruct.Mode = GPIO_MODE_OUTPUT_PP;
 122              		.loc 1 88 0
 123 0098 0125     		movs	r5, #1
 124 009a 0695     		str	r5, [sp, #24]
  89:Src/gpio.c    ****   GPIO_InitStruct.Pull = GPIO_NOPULL;
 125              		.loc 1 89 0
 126 009c 0794     		str	r4, [sp, #28]
  90:Src/gpio.c    ****   GPIO_InitStruct.Speed = GPIO_SPEED_FREQ_LOW;
 127              		.loc 1 90 0
 128 009e 0894     		str	r4, [sp, #32]
  91:Src/gpio.c    ****   HAL_GPIO_Init(GPIOC, &GPIO_InitStruct);
 129              		.loc 1 91 0
 130 00a0 05A9     		add	r1, sp, #20
 131 00a2 3046     		mov	r0, r6
 132 00a4 FFF7FEFF 		bl	HAL_GPIO_Init
 133              	.LVL4:
  92:Src/gpio.c    **** 
  93:Src/gpio.c    ****   /*Configure GPIO pins : PCPin PCPin */
  94:Src/gpio.c    ****   GPIO_InitStruct.Pin = IMU_Int_Pin|Btn1_Pin;
 134              		.loc 1 94 0
 135 00a8 48F20103 		movw	r3, #32769
ARM GAS  /tmp/cc26gLtT.s 			page 5


 136 00ac 0593     		str	r3, [sp, #20]
  95:Src/gpio.c    ****   GPIO_InitStruct.Mode = GPIO_MODE_INPUT;
 137              		.loc 1 95 0
 138 00ae 0694     		str	r4, [sp, #24]
  96:Src/gpio.c    ****   GPIO_InitStruct.Pull = GPIO_NOPULL;
 139              		.loc 1 96 0
 140 00b0 0794     		str	r4, [sp, #28]
  97:Src/gpio.c    ****   HAL_GPIO_Init(GPIOC, &GPIO_InitStruct);
 141              		.loc 1 97 0
 142 00b2 05A9     		add	r1, sp, #20
 143 00b4 3046     		mov	r0, r6
 144 00b6 FFF7FEFF 		bl	HAL_GPIO_Init
 145              	.LVL5:
  98:Src/gpio.c    **** 
  99:Src/gpio.c    ****   /*Configure GPIO pins : PAPin PAPin */
 100:Src/gpio.c    ****   GPIO_InitStruct.Pin = IR_R_Pin|IR_FR_Pin;
 146              		.loc 1 100 0
 147 00ba 1823     		movs	r3, #24
 148 00bc 0593     		str	r3, [sp, #20]
 101:Src/gpio.c    ****   GPIO_InitStruct.Mode = GPIO_MODE_OUTPUT_PP;
 149              		.loc 1 101 0
 150 00be 0695     		str	r5, [sp, #24]
 102:Src/gpio.c    ****   GPIO_InitStruct.Pull = GPIO_NOPULL;
 151              		.loc 1 102 0
 152 00c0 0794     		str	r4, [sp, #28]
 103:Src/gpio.c    ****   GPIO_InitStruct.Speed = GPIO_SPEED_FREQ_LOW;
 153              		.loc 1 103 0
 154 00c2 0894     		str	r4, [sp, #32]
 104:Src/gpio.c    ****   HAL_GPIO_Init(GPIOA, &GPIO_InitStruct);
 155              		.loc 1 104 0
 156 00c4 05A9     		add	r1, sp, #20
 157 00c6 4846     		mov	r0, r9
 158 00c8 FFF7FEFF 		bl	HAL_GPIO_Init
 159              	.LVL6:
 105:Src/gpio.c    **** 
 106:Src/gpio.c    ****   /*Configure GPIO pins : PBPin PBPin PBPin */
 107:Src/gpio.c    ****   GPIO_InitStruct.Pin = IR_FL_Pin|IR_L_Pin|IMU_nCS_Pin;
 160              		.loc 1 107 0
 161 00cc 4FF41853 		mov	r3, #9728
 162 00d0 0593     		str	r3, [sp, #20]
 108:Src/gpio.c    ****   GPIO_InitStruct.Mode = GPIO_MODE_OUTPUT_PP;
 163              		.loc 1 108 0
 164 00d2 0695     		str	r5, [sp, #24]
 109:Src/gpio.c    ****   GPIO_InitStruct.Pull = GPIO_NOPULL;
 165              		.loc 1 109 0
 166 00d4 0794     		str	r4, [sp, #28]
 110:Src/gpio.c    ****   GPIO_InitStruct.Speed = GPIO_SPEED_FREQ_LOW;
 167              		.loc 1 110 0
 168 00d6 0894     		str	r4, [sp, #32]
 111:Src/gpio.c    ****   HAL_GPIO_Init(GPIOB, &GPIO_InitStruct);
 169              		.loc 1 111 0
 170 00d8 05A9     		add	r1, sp, #20
 171 00da 4046     		mov	r0, r8
 172 00dc FFF7FEFF 		bl	HAL_GPIO_Init
 173              	.LVL7:
 112:Src/gpio.c    **** 
 113:Src/gpio.c    ****   /*Configure GPIO pin : PtPin */
ARM GAS  /tmp/cc26gLtT.s 			page 6


 114:Src/gpio.c    ****   GPIO_InitStruct.Pin = Disp_RS_Pin;
 174              		.loc 1 114 0
 175 00e0 0423     		movs	r3, #4
 176 00e2 0593     		str	r3, [sp, #20]
 115:Src/gpio.c    ****   GPIO_InitStruct.Mode = GPIO_MODE_OUTPUT_PP;
 177              		.loc 1 115 0
 178 00e4 0695     		str	r5, [sp, #24]
 116:Src/gpio.c    ****   GPIO_InitStruct.Pull = GPIO_NOPULL;
 179              		.loc 1 116 0
 180 00e6 0794     		str	r4, [sp, #28]
 117:Src/gpio.c    ****   GPIO_InitStruct.Speed = GPIO_SPEED_FREQ_LOW;
 181              		.loc 1 117 0
 182 00e8 0894     		str	r4, [sp, #32]
 118:Src/gpio.c    ****   HAL_GPIO_Init(Disp_RS_GPIO_Port, &GPIO_InitStruct);
 183              		.loc 1 118 0
 184 00ea 05A9     		add	r1, sp, #20
 185 00ec 3846     		mov	r0, r7
 186 00ee FFF7FEFF 		bl	HAL_GPIO_Init
 187              	.LVL8:
 119:Src/gpio.c    **** 
 120:Src/gpio.c    **** }
 188              		.loc 1 120 0
 189 00f2 0BB0     		add	sp, sp, #44
 190              	.LCFI2:
 191              		.cfi_def_cfa_offset 28
 192              		@ sp needed
 193 00f4 BDE8F083 		pop	{r4, r5, r6, r7, r8, r9, pc}
 194              	.L4:
 195              		.align	2
 196              	.L3:
 197 00f8 00380240 		.word	1073887232
 198 00fc 00080240 		.word	1073874944
 199 0100 000C0240 		.word	1073875968
 200 0104 00000240 		.word	1073872896
 201 0108 00040240 		.word	1073873920
 202              		.cfi_endproc
 203              	.LFE126:
 205              		.text
 206              	.Letext0:
 207              		.file 2 "/usr/arm-none-eabi/include/machine/_default_types.h"
 208              		.file 3 "/usr/arm-none-eabi/include/sys/_stdint.h"
 209              		.file 4 "Drivers/CMSIS/Include/core_cm4.h"
 210              		.file 5 "Drivers/CMSIS/Device/ST/STM32F4xx/Include/system_stm32f4xx.h"
 211              		.file 6 "Drivers/CMSIS/Device/ST/STM32F4xx/Include/stm32f411xe.h"
 212              		.file 7 "/usr/arm-none-eabi/include/sys/lock.h"
 213              		.file 8 "/usr/arm-none-eabi/include/sys/_types.h"
 214              		.file 9 "/usr/lib/gcc/arm-none-eabi/7.3.1/include/stddef.h"
 215              		.file 10 "/usr/arm-none-eabi/include/sys/reent.h"
 216              		.file 11 "Drivers/STM32F4xx_HAL_Driver/Inc/stm32f4xx_hal_gpio.h"
ARM GAS  /tmp/cc26gLtT.s 			page 7


DEFINED SYMBOLS
                            *ABS*:0000000000000000 gpio.c
     /tmp/cc26gLtT.s:18     .text.MX_GPIO_Init:0000000000000000 $t
     /tmp/cc26gLtT.s:25     .text.MX_GPIO_Init:0000000000000000 MX_GPIO_Init
     /tmp/cc26gLtT.s:197    .text.MX_GPIO_Init:00000000000000f8 $d

UNDEFINED SYMBOLS
HAL_GPIO_WritePin
HAL_GPIO_Init
