ARM GAS  /tmp/ccPfLZoK.s 			page 1


   1              		.cpu cortex-m4
   2              		.eabi_attribute 27, 1
   3              		.eabi_attribute 28, 1
   4              		.eabi_attribute 20, 1
   5              		.eabi_attribute 21, 1
   6              		.eabi_attribute 23, 3
   7              		.eabi_attribute 24, 1
   8              		.eabi_attribute 25, 1
   9              		.eabi_attribute 26, 1
  10              		.eabi_attribute 30, 1
  11              		.eabi_attribute 34, 1
  12              		.eabi_attribute 18, 4
  13              		.file	"usart.c"
  14              		.text
  15              	.Ltext0:
  16              		.cfi_sections	.debug_frame
  17              		.section	.text.MX_USART1_UART_Init,"ax",%progbits
  18              		.align	1
  19              		.global	MX_USART1_UART_Init
  20              		.syntax unified
  21              		.thumb
  22              		.thumb_func
  23              		.fpu fpv4-sp-d16
  25              	MX_USART1_UART_Init:
  26              	.LFB126:
  27              		.file 1 "Src/usart.c"
   1:Src/usart.c   **** /**
   2:Src/usart.c   ****   ******************************************************************************
   3:Src/usart.c   ****   * File Name          : USART.c
   4:Src/usart.c   ****   * Description        : This file provides code for the configuration
   5:Src/usart.c   ****   *                      of the USART instances.
   6:Src/usart.c   ****   ******************************************************************************
   7:Src/usart.c   ****   ** This notice applies to any and all portions of this file
   8:Src/usart.c   ****   * that are not between comment pairs USER CODE BEGIN and
   9:Src/usart.c   ****   * USER CODE END. Other portions of this file, whether 
  10:Src/usart.c   ****   * inserted by the user or by software development tools
  11:Src/usart.c   ****   * are owned by their respective copyright owners.
  12:Src/usart.c   ****   *
  13:Src/usart.c   ****   * COPYRIGHT(c) 2019 STMicroelectronics
  14:Src/usart.c   ****   *
  15:Src/usart.c   ****   * Redistribution and use in source and binary forms, with or without modification,
  16:Src/usart.c   ****   * are permitted provided that the following conditions are met:
  17:Src/usart.c   ****   *   1. Redistributions of source code must retain the above copyright notice,
  18:Src/usart.c   ****   *      this list of conditions and the following disclaimer.
  19:Src/usart.c   ****   *   2. Redistributions in binary form must reproduce the above copyright notice,
  20:Src/usart.c   ****   *      this list of conditions and the following disclaimer in the documentation
  21:Src/usart.c   ****   *      and/or other materials provided with the distribution.
  22:Src/usart.c   ****   *   3. Neither the name of STMicroelectronics nor the names of its contributors
  23:Src/usart.c   ****   *      may be used to endorse or promote products derived from this software
  24:Src/usart.c   ****   *      without specific prior written permission.
  25:Src/usart.c   ****   *
  26:Src/usart.c   ****   * THIS SOFTWARE IS PROVIDED BY THE COPYRIGHT HOLDERS AND CONTRIBUTORS "AS IS"
  27:Src/usart.c   ****   * AND ANY EXPRESS OR IMPLIED WARRANTIES, INCLUDING, BUT NOT LIMITED TO, THE
  28:Src/usart.c   ****   * IMPLIED WARRANTIES OF MERCHANTABILITY AND FITNESS FOR A PARTICULAR PURPOSE ARE
  29:Src/usart.c   ****   * DISCLAIMED. IN NO EVENT SHALL THE COPYRIGHT HOLDER OR CONTRIBUTORS BE LIABLE
  30:Src/usart.c   ****   * FOR ANY DIRECT, INDIRECT, INCIDENTAL, SPECIAL, EXEMPLARY, OR CONSEQUENTIAL
  31:Src/usart.c   ****   * DAMAGES (INCLUDING, BUT NOT LIMITED TO, PROCUREMENT OF SUBSTITUTE GOODS OR
ARM GAS  /tmp/ccPfLZoK.s 			page 2


  32:Src/usart.c   ****   * SERVICES; LOSS OF USE, DATA, OR PROFITS; OR BUSINESS INTERRUPTION) HOWEVER
  33:Src/usart.c   ****   * CAUSED AND ON ANY THEORY OF LIABILITY, WHETHER IN CONTRACT, STRICT LIABILITY,
  34:Src/usart.c   ****   * OR TORT (INCLUDING NEGLIGENCE OR OTHERWISE) ARISING IN ANY WAY OUT OF THE USE
  35:Src/usart.c   ****   * OF THIS SOFTWARE, EVEN IF ADVISED OF THE POSSIBILITY OF SUCH DAMAGE.
  36:Src/usart.c   ****   *
  37:Src/usart.c   ****   ******************************************************************************
  38:Src/usart.c   ****   */
  39:Src/usart.c   **** 
  40:Src/usart.c   **** /* Includes ------------------------------------------------------------------*/
  41:Src/usart.c   **** #include "usart.h"
  42:Src/usart.c   **** 
  43:Src/usart.c   **** #include "gpio.h"
  44:Src/usart.c   **** 
  45:Src/usart.c   **** /* USER CODE BEGIN 0 */
  46:Src/usart.c   **** #include "string.h"
  47:Src/usart.c   **** /* USER CODE END 0 */
  48:Src/usart.c   **** 
  49:Src/usart.c   **** UART_HandleTypeDef huart1;
  50:Src/usart.c   **** 
  51:Src/usart.c   **** /* USART1 init function */
  52:Src/usart.c   **** 
  53:Src/usart.c   **** void MX_USART1_UART_Init(void)
  54:Src/usart.c   **** {
  28              		.loc 1 54 0
  29              		.cfi_startproc
  30              		@ args = 0, pretend = 0, frame = 0
  31              		@ frame_needed = 0, uses_anonymous_args = 0
  32 0000 08B5     		push	{r3, lr}
  33              	.LCFI0:
  34              		.cfi_def_cfa_offset 8
  35              		.cfi_offset 3, -8
  36              		.cfi_offset 14, -4
  55:Src/usart.c   **** 
  56:Src/usart.c   ****   huart1.Instance = USART1;
  37              		.loc 1 56 0
  38 0002 0B48     		ldr	r0, .L5
  39 0004 0B4B     		ldr	r3, .L5+4
  40 0006 0360     		str	r3, [r0]
  57:Src/usart.c   ****   huart1.Init.BaudRate = 115200;
  41              		.loc 1 57 0
  42 0008 4FF4E133 		mov	r3, #115200
  43 000c 4360     		str	r3, [r0, #4]
  58:Src/usart.c   ****   huart1.Init.WordLength = UART_WORDLENGTH_8B;
  44              		.loc 1 58 0
  45 000e 0023     		movs	r3, #0
  46 0010 8360     		str	r3, [r0, #8]
  59:Src/usart.c   ****   huart1.Init.StopBits = UART_STOPBITS_1;
  47              		.loc 1 59 0
  48 0012 C360     		str	r3, [r0, #12]
  60:Src/usart.c   ****   huart1.Init.Parity = UART_PARITY_NONE;
  49              		.loc 1 60 0
  50 0014 0361     		str	r3, [r0, #16]
  61:Src/usart.c   ****   huart1.Init.Mode = UART_MODE_TX_RX;
  51              		.loc 1 61 0
  52 0016 0C22     		movs	r2, #12
  53 0018 4261     		str	r2, [r0, #20]
  62:Src/usart.c   ****   huart1.Init.HwFlowCtl = UART_HWCONTROL_NONE;
ARM GAS  /tmp/ccPfLZoK.s 			page 3


  54              		.loc 1 62 0
  55 001a 8361     		str	r3, [r0, #24]
  63:Src/usart.c   ****   huart1.Init.OverSampling = UART_OVERSAMPLING_16;
  56              		.loc 1 63 0
  57 001c C361     		str	r3, [r0, #28]
  64:Src/usart.c   ****   if (HAL_UART_Init(&huart1) != HAL_OK)
  58              		.loc 1 64 0
  59 001e FFF7FEFF 		bl	HAL_UART_Init
  60              	.LVL0:
  61 0022 00B9     		cbnz	r0, .L4
  62              	.L1:
  65:Src/usart.c   ****   {
  66:Src/usart.c   ****     _Error_Handler(__FILE__, __LINE__);
  67:Src/usart.c   ****   }
  68:Src/usart.c   **** 
  69:Src/usart.c   **** }
  63              		.loc 1 69 0
  64 0024 08BD     		pop	{r3, pc}
  65              	.L4:
  66:Src/usart.c   ****   }
  66              		.loc 1 66 0
  67 0026 4221     		movs	r1, #66
  68 0028 0348     		ldr	r0, .L5+8
  69 002a FFF7FEFF 		bl	_Error_Handler
  70              	.LVL1:
  71              		.loc 1 69 0
  72 002e F9E7     		b	.L1
  73              	.L6:
  74              		.align	2
  75              	.L5:
  76 0030 00000000 		.word	huart1
  77 0034 00100140 		.word	1073811456
  78 0038 00000000 		.word	.LC0
  79              		.cfi_endproc
  80              	.LFE126:
  82              		.section	.text.HAL_UART_MspInit,"ax",%progbits
  83              		.align	1
  84              		.global	HAL_UART_MspInit
  85              		.syntax unified
  86              		.thumb
  87              		.thumb_func
  88              		.fpu fpv4-sp-d16
  90              	HAL_UART_MspInit:
  91              	.LFB127:
  70:Src/usart.c   **** 
  71:Src/usart.c   **** void HAL_UART_MspInit(UART_HandleTypeDef* uartHandle)
  72:Src/usart.c   **** {
  92              		.loc 1 72 0
  93              		.cfi_startproc
  94              		@ args = 0, pretend = 0, frame = 24
  95              		@ frame_needed = 0, uses_anonymous_args = 0
  96              	.LVL2:
  73:Src/usart.c   **** 
  74:Src/usart.c   ****   GPIO_InitTypeDef GPIO_InitStruct;
  75:Src/usart.c   ****   if(uartHandle->Instance==USART1)
  97              		.loc 1 75 0
  98 0000 0268     		ldr	r2, [r0]
ARM GAS  /tmp/ccPfLZoK.s 			page 4


  99 0002 124B     		ldr	r3, .L14
 100 0004 9A42     		cmp	r2, r3
 101 0006 00D0     		beq	.L13
 102 0008 7047     		bx	lr
 103              	.L13:
  72:Src/usart.c   **** 
 104              		.loc 1 72 0
 105 000a 00B5     		push	{lr}
 106              	.LCFI1:
 107              		.cfi_def_cfa_offset 4
 108              		.cfi_offset 14, -4
 109 000c 87B0     		sub	sp, sp, #28
 110              	.LCFI2:
 111              		.cfi_def_cfa_offset 32
 112              	.LBB2:
  76:Src/usart.c   ****   {
  77:Src/usart.c   ****   /* USER CODE BEGIN USART1_MspInit 0 */
  78:Src/usart.c   **** 
  79:Src/usart.c   ****   /* USER CODE END USART1_MspInit 0 */
  80:Src/usart.c   ****     /* USART1 clock enable */
  81:Src/usart.c   ****     __HAL_RCC_USART1_CLK_ENABLE();
 113              		.loc 1 81 0
 114 000e 0023     		movs	r3, #0
 115 0010 0093     		str	r3, [sp]
 116 0012 0F4B     		ldr	r3, .L14+4
 117 0014 5A6C     		ldr	r2, [r3, #68]
 118 0016 42F01002 		orr	r2, r2, #16
 119 001a 5A64     		str	r2, [r3, #68]
 120 001c 5B6C     		ldr	r3, [r3, #68]
 121 001e 03F01003 		and	r3, r3, #16
 122 0022 0093     		str	r3, [sp]
 123 0024 009B     		ldr	r3, [sp]
 124              	.LBE2:
  82:Src/usart.c   ****   
  83:Src/usart.c   ****     /**USART1 GPIO Configuration    
  84:Src/usart.c   ****     PA9     ------> USART1_TX
  85:Src/usart.c   ****     PA10     ------> USART1_RX 
  86:Src/usart.c   ****     */
  87:Src/usart.c   ****     GPIO_InitStruct.Pin = GPIO_PIN_9|GPIO_PIN_10;
 125              		.loc 1 87 0
 126 0026 4FF4C063 		mov	r3, #1536
 127 002a 0193     		str	r3, [sp, #4]
  88:Src/usart.c   ****     GPIO_InitStruct.Mode = GPIO_MODE_AF_PP;
 128              		.loc 1 88 0
 129 002c 0223     		movs	r3, #2
 130 002e 0293     		str	r3, [sp, #8]
  89:Src/usart.c   ****     GPIO_InitStruct.Pull = GPIO_PULLUP;
 131              		.loc 1 89 0
 132 0030 0123     		movs	r3, #1
 133 0032 0393     		str	r3, [sp, #12]
  90:Src/usart.c   ****     GPIO_InitStruct.Speed = GPIO_SPEED_FREQ_VERY_HIGH;
 134              		.loc 1 90 0
 135 0034 0323     		movs	r3, #3
 136 0036 0493     		str	r3, [sp, #16]
  91:Src/usart.c   ****     GPIO_InitStruct.Alternate = GPIO_AF7_USART1;
 137              		.loc 1 91 0
 138 0038 0723     		movs	r3, #7
ARM GAS  /tmp/ccPfLZoK.s 			page 5


 139 003a 0593     		str	r3, [sp, #20]
  92:Src/usart.c   ****     HAL_GPIO_Init(GPIOA, &GPIO_InitStruct);
 140              		.loc 1 92 0
 141 003c 01A9     		add	r1, sp, #4
 142 003e 0548     		ldr	r0, .L14+8
 143              	.LVL3:
 144 0040 FFF7FEFF 		bl	HAL_GPIO_Init
 145              	.LVL4:
  93:Src/usart.c   **** 
  94:Src/usart.c   ****   /* USER CODE BEGIN USART1_MspInit 1 */
  95:Src/usart.c   **** 
  96:Src/usart.c   ****   /* USER CODE END USART1_MspInit 1 */
  97:Src/usart.c   ****   }
  98:Src/usart.c   **** }
 146              		.loc 1 98 0
 147 0044 07B0     		add	sp, sp, #28
 148              	.LCFI3:
 149              		.cfi_def_cfa_offset 4
 150              		@ sp needed
 151 0046 5DF804FB 		ldr	pc, [sp], #4
 152              	.L15:
 153 004a 00BF     		.align	2
 154              	.L14:
 155 004c 00100140 		.word	1073811456
 156 0050 00380240 		.word	1073887232
 157 0054 00000240 		.word	1073872896
 158              		.cfi_endproc
 159              	.LFE127:
 161              		.section	.text.HAL_UART_MspDeInit,"ax",%progbits
 162              		.align	1
 163              		.global	HAL_UART_MspDeInit
 164              		.syntax unified
 165              		.thumb
 166              		.thumb_func
 167              		.fpu fpv4-sp-d16
 169              	HAL_UART_MspDeInit:
 170              	.LFB128:
  99:Src/usart.c   **** 
 100:Src/usart.c   **** void HAL_UART_MspDeInit(UART_HandleTypeDef* uartHandle)
 101:Src/usart.c   **** {
 171              		.loc 1 101 0
 172              		.cfi_startproc
 173              		@ args = 0, pretend = 0, frame = 0
 174              		@ frame_needed = 0, uses_anonymous_args = 0
 175              	.LVL5:
 176 0000 08B5     		push	{r3, lr}
 177              	.LCFI4:
 178              		.cfi_def_cfa_offset 8
 179              		.cfi_offset 3, -8
 180              		.cfi_offset 14, -4
 102:Src/usart.c   **** 
 103:Src/usart.c   ****   if(uartHandle->Instance==USART1)
 181              		.loc 1 103 0
 182 0002 0268     		ldr	r2, [r0]
 183 0004 074B     		ldr	r3, .L20
 184 0006 9A42     		cmp	r2, r3
 185 0008 00D0     		beq	.L19
ARM GAS  /tmp/ccPfLZoK.s 			page 6


 186              	.LVL6:
 187              	.L16:
 104:Src/usart.c   ****   {
 105:Src/usart.c   ****   /* USER CODE BEGIN USART1_MspDeInit 0 */
 106:Src/usart.c   **** 
 107:Src/usart.c   ****   /* USER CODE END USART1_MspDeInit 0 */
 108:Src/usart.c   ****     /* Peripheral clock disable */
 109:Src/usart.c   ****     __HAL_RCC_USART1_CLK_DISABLE();
 110:Src/usart.c   ****   
 111:Src/usart.c   ****     /**USART1 GPIO Configuration    
 112:Src/usart.c   ****     PA9     ------> USART1_TX
 113:Src/usart.c   ****     PA10     ------> USART1_RX 
 114:Src/usart.c   ****     */
 115:Src/usart.c   ****     HAL_GPIO_DeInit(GPIOA, GPIO_PIN_9|GPIO_PIN_10);
 116:Src/usart.c   **** 
 117:Src/usart.c   ****   /* USER CODE BEGIN USART1_MspDeInit 1 */
 118:Src/usart.c   **** 
 119:Src/usart.c   ****   /* USER CODE END USART1_MspDeInit 1 */
 120:Src/usart.c   ****   }
 121:Src/usart.c   **** } 
 188              		.loc 1 121 0
 189 000a 08BD     		pop	{r3, pc}
 190              	.LVL7:
 191              	.L19:
 109:Src/usart.c   ****   
 192              		.loc 1 109 0
 193 000c 064A     		ldr	r2, .L20+4
 194 000e 536C     		ldr	r3, [r2, #68]
 195 0010 23F01003 		bic	r3, r3, #16
 196 0014 5364     		str	r3, [r2, #68]
 115:Src/usart.c   **** 
 197              		.loc 1 115 0
 198 0016 4FF4C061 		mov	r1, #1536
 199 001a 0448     		ldr	r0, .L20+8
 200              	.LVL8:
 201 001c FFF7FEFF 		bl	HAL_GPIO_DeInit
 202              	.LVL9:
 203              		.loc 1 121 0
 204 0020 F3E7     		b	.L16
 205              	.L21:
 206 0022 00BF     		.align	2
 207              	.L20:
 208 0024 00100140 		.word	1073811456
 209 0028 00380240 		.word	1073887232
 210 002c 00000240 		.word	1073872896
 211              		.cfi_endproc
 212              	.LFE128:
 214              		.section	.text.print,"ax",%progbits
 215              		.align	1
 216              		.global	print
 217              		.syntax unified
 218              		.thumb
 219              		.thumb_func
 220              		.fpu fpv4-sp-d16
 222              	print:
 223              	.LFB129:
 122:Src/usart.c   **** 
ARM GAS  /tmp/ccPfLZoK.s 			page 7


 123:Src/usart.c   **** /* USER CODE BEGIN 1 */
 124:Src/usart.c   **** 
 125:Src/usart.c   **** void print(uint8_t* msg)
 126:Src/usart.c   **** {
 224              		.loc 1 126 0
 225              		.cfi_startproc
 226              		@ args = 0, pretend = 0, frame = 0
 227              		@ frame_needed = 0, uses_anonymous_args = 0
 228              	.LVL10:
 229 0000 10B5     		push	{r4, lr}
 230              	.LCFI5:
 231              		.cfi_def_cfa_offset 8
 232              		.cfi_offset 4, -8
 233              		.cfi_offset 14, -4
 234 0002 0446     		mov	r4, r0
 127:Src/usart.c   ****   HAL_UART_Transmit(&huart1, msg, strlen(msg), 10);
 235              		.loc 1 127 0
 236 0004 FFF7FEFF 		bl	strlen
 237              	.LVL11:
 238 0008 0A23     		movs	r3, #10
 239 000a 82B2     		uxth	r2, r0
 240 000c 2146     		mov	r1, r4
 241 000e 0248     		ldr	r0, .L24
 242 0010 FFF7FEFF 		bl	HAL_UART_Transmit
 243              	.LVL12:
 128:Src/usart.c   **** }
 244              		.loc 1 128 0
 245 0014 10BD     		pop	{r4, pc}
 246              	.LVL13:
 247              	.L25:
 248 0016 00BF     		.align	2
 249              	.L24:
 250 0018 00000000 		.word	huart1
 251              		.cfi_endproc
 252              	.LFE129:
 254              		.comm	huart1,64,4
 255              		.section	.rodata.MX_USART1_UART_Init.str1.4,"aMS",%progbits,1
 256              		.align	2
 257              	.LC0:
 258 0000 5372632F 		.ascii	"Src/usart.c\000"
 258      75736172 
 258      742E6300 
 259              		.text
 260              	.Letext0:
 261              		.file 2 "/usr/arm-none-eabi/include/machine/_default_types.h"
 262              		.file 3 "/usr/arm-none-eabi/include/sys/_stdint.h"
 263              		.file 4 "Drivers/CMSIS/Include/core_cm4.h"
 264              		.file 5 "Drivers/CMSIS/Device/ST/STM32F4xx/Include/system_stm32f4xx.h"
 265              		.file 6 "Drivers/CMSIS/Device/ST/STM32F4xx/Include/stm32f411xe.h"
 266              		.file 7 "/usr/arm-none-eabi/include/sys/lock.h"
 267              		.file 8 "/usr/arm-none-eabi/include/sys/_types.h"
 268              		.file 9 "/usr/lib/gcc/arm-none-eabi/7.3.1/include/stddef.h"
 269              		.file 10 "/usr/arm-none-eabi/include/sys/reent.h"
 270              		.file 11 "Drivers/STM32F4xx_HAL_Driver/Inc/stm32f4xx_hal_def.h"
 271              		.file 12 "Drivers/STM32F4xx_HAL_Driver/Inc/stm32f4xx_hal_gpio.h"
 272              		.file 13 "Drivers/STM32F4xx_HAL_Driver/Inc/stm32f4xx_hal_dma.h"
 273              		.file 14 "Drivers/STM32F4xx_HAL_Driver/Inc/stm32f4xx_hal_uart.h"
ARM GAS  /tmp/ccPfLZoK.s 			page 8


 274              		.file 15 "Inc/usart.h"
 275              		.file 16 "/usr/arm-none-eabi/include/string.h"
ARM GAS  /tmp/ccPfLZoK.s 			page 9


DEFINED SYMBOLS
                            *ABS*:0000000000000000 usart.c
     /tmp/ccPfLZoK.s:18     .text.MX_USART1_UART_Init:0000000000000000 $t
     /tmp/ccPfLZoK.s:25     .text.MX_USART1_UART_Init:0000000000000000 MX_USART1_UART_Init
     /tmp/ccPfLZoK.s:76     .text.MX_USART1_UART_Init:0000000000000030 $d
                            *COM*:0000000000000040 huart1
     /tmp/ccPfLZoK.s:83     .text.HAL_UART_MspInit:0000000000000000 $t
     /tmp/ccPfLZoK.s:90     .text.HAL_UART_MspInit:0000000000000000 HAL_UART_MspInit
     /tmp/ccPfLZoK.s:155    .text.HAL_UART_MspInit:000000000000004c $d
     /tmp/ccPfLZoK.s:162    .text.HAL_UART_MspDeInit:0000000000000000 $t
     /tmp/ccPfLZoK.s:169    .text.HAL_UART_MspDeInit:0000000000000000 HAL_UART_MspDeInit
     /tmp/ccPfLZoK.s:208    .text.HAL_UART_MspDeInit:0000000000000024 $d
     /tmp/ccPfLZoK.s:215    .text.print:0000000000000000 $t
     /tmp/ccPfLZoK.s:222    .text.print:0000000000000000 print
     /tmp/ccPfLZoK.s:250    .text.print:0000000000000018 $d
     /tmp/ccPfLZoK.s:256    .rodata.MX_USART1_UART_Init.str1.4:0000000000000000 $d

UNDEFINED SYMBOLS
HAL_UART_Init
_Error_Handler
HAL_GPIO_Init
HAL_GPIO_DeInit
strlen
HAL_UART_Transmit
